<?xml version="1.0" encoding="UTF-8"?>
<!-- Generated by org.testng.reporters.JUnitReportReporter -->
<testsuite skipped="0" hostname="DESKTOP-RUEUFGH" name="TestRunner" tests="1" failures="0" timestamp="21 May 2019 18:25:12 GMT" time="12.059" errors="0">
  <testcase name="feature" time="12.059" classname="TestRunner"/>
</testsuite> <!-- TestRunner -->
